<?xml version="1.0" encoding="UTF-8"?>
<!-- Generated by org.testng.reporters.JUnitXMLReporter -->
<testsuite ignored="0" hostname="kalpesh16" failures="0" tests="10" name="Default test" time="8.33" errors="0" timestamp="01 Oct 2021 16:24:46 GMT">
  <testcase classname="Testng.GitProject.EbayDe" name="launchBrowser" time="2.927"/>
  <testcase classname="Testng.GitProject.EbayDe" name="verifyCreateNewAccountField" time="0.079"/>
  <testcase classname="Testng.GitProject.EbayDe" name="verifyFirstNameField" time="0.479"/>
  <testcase classname="Testng.GitProject.EbayDe" name="verifyLastNameField" time="0.109"/>
  <testcase classname="Testng.GitProject.EbayDe" name="verifyMobileNoField" time="0.105"/>
  <testcase classname="Testng.GitProject.EbayDe" name="verifyPasswordField" time="0.088"/>
  <testcase classname="Testng.GitProject.EbayDe" name="verifyDOBField" time="0.197"/>
  <testcase classname="Testng.GitProject.EbayDe" name="verifyGenderField" time="0.098"/>
  <testcase classname="Testng.GitProject.EbayDe" name="logIn" time="0.074"/>
  <testcase classname="Testng.GitProject.EbayDe" name="terminateBrowser" time="4.128"/>
</testsuite> <!-- Default test -->
