<?xml version="1.0" encoding="UTF-8"?>
<!-- Generated by org.testng.reporters.JUnitXMLReporter -->
<testsuite ignored="4" hostname="kalpesh16" failures="0" tests="6" name="Test" time="7.78" errors="0" timestamp="01 Oct 2021 16:27:10 GMT">
  <testcase classname="Testng.GitProject.FacebookGroups" name="launchBrowser" time="2.64"/>
  <testcase classname="Testng.GitProject.FacebookGroups" name="verifyCreateNewAccountField" time="0.082"/>
  <testcase classname="Testng.GitProject.FacebookGroups" name="verifyFirstNameField" time="0.577"/>
  <testcase classname="Testng.GitProject.FacebookGroups" name="verifyMobileNoField" time="0.101"/>
  <testcase classname="Testng.GitProject.FacebookGroups" name="verifyDOBField" time="0.217"/>
  <testcase classname="Testng.GitProject.FacebookGroups" name="terminateBrowser" time="4.125"/>
  <testcase classname="Testng.GitProject.FacebookGroups" name="verifyGenderField" time="0.0">
    <ignored/>
  </testcase> <!-- verifyGenderField -->
  <testcase classname="Testng.GitProject.FacebookGroups" name="verifyLastNameField" time="0.0">
    <ignored/>
  </testcase> <!-- verifyLastNameField -->
  <testcase classname="Testng.GitProject.FacebookGroups" name="logIn" time="0.0">
    <ignored/>
  </testcase> <!-- logIn -->
  <testcase classname="Testng.GitProject.FacebookGroups" name="verifyPasswordField" time="0.0">
    <ignored/>
  </testcase> <!-- verifyPasswordField -->
</testsuite> <!-- Test -->
